<?xml version="1.0" encoding="UTF-8"?>
<!-- Generated by org.testng.reporters.JUnitReportReporter -->
<testsuite hostname="Subs-Machine" failures="0" tests="1" name="SubratTesting.MavenJavaFramework.SeleniumTest" time="0.008" errors="0" timestamp="2022-06-08T23:21:17 IST" skipped="0">
  <testcase classname="SubratTesting.MavenJavaFramework.SeleniumTest" name="browserAutomation" time="0.008"/>
  <system-out/>
</testsuite> <!-- SubratTesting.MavenJavaFramework.SeleniumTest -->
